Using pre-set license
Built from '2022.3/release' branch; Version is '2022.3.0f1 (fb119bb0b476) revision 16454043'; Using compiler version '192829333'; Build Type 'Release'
OS: 'Windows 11  (10.0.22621) 64bit Professional' Language: 'en' Physical Memory: 16203 MB
BatchMode: 1, IsHumanControllingUs: 0, StartBugReporterOnCrash: 0, Is64bit: 1, IsPro: 1

COMMAND LINE ARGUMENTS:
C:\Program Files\Unity\Hub\Editor\2022.3.0f1\Editor\Unity.exe
-adb2
-batchMode
-noUpm
-name
AssetImportWorker0
-projectPath
D:/Activity/Unity/Projects/Clerk Shadow
-logFile
Logs/AssetImportWorker0.log
-srvPort
52338
Successfully changed project path to: D:/Activity/Unity/Projects/Clerk Shadow
D:/Activity/Unity/Projects/Clerk Shadow
[UnityMemory] Configuration Parameters - Can be set up in boot.config
    "memorysetup-bucket-allocator-granularity=16"
    "memorysetup-bucket-allocator-bucket-count=8"
    "memorysetup-bucket-allocator-block-size=33554432"
    "memorysetup-bucket-allocator-block-count=8"
    "memorysetup-main-allocator-block-size=16777216"
    "memorysetup-thread-allocator-block-size=16777216"
    "memorysetup-gfx-main-allocator-block-size=16777216"
    "memorysetup-gfx-thread-allocator-block-size=16777216"
    "memorysetup-cache-allocator-block-size=4194304"
    "memorysetup-typetree-allocator-block-size=2097152"
    "memorysetup-profiler-bucket-allocator-granularity=16"
    "memorysetup-profiler-bucket-allocator-bucket-count=8"
    "memorysetup-profiler-bucket-allocator-block-size=33554432"
    "memorysetup-profiler-bucket-allocator-block-count=8"
    "memorysetup-profiler-allocator-block-size=16777216"
    "memorysetup-profiler-editor-allocator-block-size=1048576"
    "memorysetup-temp-allocator-size-main=16777216"
    "memorysetup-job-temp-allocator-block-size=2097152"
    "memorysetup-job-temp-allocator-block-size-background=1048576"
    "memorysetup-job-temp-allocator-reduction-small-platforms=262144"
    "memorysetup-allocator-temp-initial-block-size-main=262144"
    "memorysetup-allocator-temp-initial-block-size-worker=262144"
    "memorysetup-temp-allocator-size-background-worker=32768"
    "memorysetup-temp-allocator-size-job-worker=262144"
    "memorysetup-temp-allocator-size-preload-manager=33554432"
    "memorysetup-temp-allocator-size-nav-mesh-worker=65536"
    "memorysetup-temp-allocator-size-audio-worker=65536"
    "memorysetup-temp-allocator-size-cloud-worker=32768"
    "memorysetup-temp-allocator-size-gi-baking-worker=262144"
    "memorysetup-temp-allocator-size-gfx=262144"
Player connection [2980] Host "[IP] 172.30.128.1 [Port] 0 [Flags] 2 [Guid] 4286394907 [EditorId] 4286394907 [Version] 1048832 [Id] WindowsEditor(7,TSKT-LT-012) [Debug] 1 [PackageName] WindowsEditor [ProjectName] Editor" joined multi-casting on [225.0.0.222:54997]...

Player connection [2980] Host "[IP] 172.30.128.1 [Port] 0 [Flags] 2 [Guid] 4286394907 [EditorId] 4286394907 [Version] 1048832 [Id] WindowsEditor(7,TSKT-LT-012) [Debug] 1 [PackageName] WindowsEditor [ProjectName] Editor" joined alternative multi-casting on [225.0.0.222:34997]...

Refreshing native plugins compatible for Editor in 1643.81 ms, found 2 plugins.
Preloading 0 native plugins for Editor in 0.00 ms.
Initialize engine version: 2022.3.0f1 (fb119bb0b476)
[Subsystems] Discovering subsystems at path C:/Program Files/Unity/Hub/Editor/2022.3.0f1/Editor/Data/Resources/UnitySubsystems
[Subsystems] Discovering subsystems at path D:/Activity/Unity/Projects/Clerk Shadow/Assets
GfxDevice: creating device client; threaded=0; jobified=0
Direct3D:
    Version:  Direct3D 11.0 [level 11.1]
    Renderer: NVIDIA GeForce RTX 2060 (ID=0x1f15)
    Vendor:   NVIDIA
    VRAM:     5968 MB
    Driver:   31.0.15.3141
Initialize mono
Mono path[0] = 'C:/Program Files/Unity/Hub/Editor/2022.3.0f1/Editor/Data/Managed'
Mono path[1] = 'C:/Program Files/Unity/Hub/Editor/2022.3.0f1/Editor/Data/MonoBleedingEdge/lib/mono/unityjit-win32'
Mono config path = 'C:/Program Files/Unity/Hub/Editor/2022.3.0f1/Editor/Data/MonoBleedingEdge/etc'
Using monoOptions --debugger-agent=transport=dt_socket,embedding=1,server=y,suspend=n,address=127.0.0.1:56412
Begin MonoManager ReloadAssembly
Registering precompiled unity dll's ...
Register platform support module: C:/Program Files/Unity/Hub/Editor/2022.3.0f1/Editor/Data/PlaybackEngines/AndroidPlayer/UnityEditor.Android.Extensions.dll
Register platform support module: C:/Program Files/Unity/Hub/Editor/2022.3.0f1/Editor/Data/PlaybackEngines/WindowsStandaloneSupport/UnityEditor.WindowsStandalone.Extensions.dll
Registered in 0.012030 seconds.
- Loaded All Assemblies, in  8.751 seconds
Native extension for WindowsStandalone target not found
Native extension for Android target not found
Android Extension - Scanning For ADB Devices 327 ms
Mono: successfully reloaded assembly
- Finished resetting the current domain, in  0.870 seconds
Domain Reload Profiling: 9619ms
	BeginReloadAssembly (6610ms)
		ExecutionOrderSort (0ms)
		DisableScriptedObjects (0ms)
		BackupInstance (0ms)
		ReleaseScriptingObjects (0ms)
		CreateAndSetChildDomain (1ms)
	RebuildCommonClasses (472ms)
	RebuildNativeTypeToScriptingClass (16ms)
	initialDomainReloadingComplete (86ms)
	LoadAllAssembliesAndSetupDomain (1564ms)
		LoadAssemblies (6608ms)
		RebuildTransferFunctionScriptingTraits (0ms)
		AnalyzeDomain (1557ms)
			TypeCache.Refresh (1556ms)
				TypeCache.ScanAssembly (1250ms)
			ScanForSourceGeneratedMonoScriptInfo (0ms)
			ResolveRequiredComponents (1ms)
	FinalizeReload (870ms)
		ReleaseScriptCaches (0ms)
		RebuildScriptCaches (0ms)
		SetupLoadedEditorAssemblies (796ms)
			LogAssemblyErrors (0ms)
			InitializePlatformSupportModulesInManaged (586ms)
			SetLoadedEditorAssemblies (4ms)
			RefreshPlugins (0ms)
			BeforeProcessingInitializeOnLoad (3ms)
			ProcessInitializeOnLoadAttributes (133ms)
			ProcessInitializeOnLoadMethodAttributes (69ms)
			AfterProcessingInitializeOnLoad (0ms)
			EditorAssembliesLoaded (0ms)
		ExecutionOrderSort2 (0ms)
		AwakeInstancesAfterBackupRestoration (0ms)
========================================================================
Worker process is ready to serve import requests
Begin MonoManager ReloadAssembly
Symbol file LoadedFromMemory is not a mono symbol file
- Loaded All Assemblies, in  8.071 seconds
Refreshing native plugins compatible for Editor in 2.12 ms, found 2 plugins.
Native extension for WindowsStandalone target not found
Native extension for Android target not found
Mono: successfully reloaded assembly
- Finished resetting the current domain, in  0.886 seconds
Domain Reload Profiling: 8956ms
	BeginReloadAssembly (140ms)
		ExecutionOrderSort (0ms)
		DisableScriptedObjects (6ms)
		BackupInstance (0ms)
		ReleaseScriptingObjects (0ms)
		CreateAndSetChildDomain (27ms)
	RebuildCommonClasses (35ms)
	RebuildNativeTypeToScriptingClass (12ms)
	initialDomainReloadingComplete (47ms)
	LoadAllAssembliesAndSetupDomain (7834ms)
		LoadAssemblies (6846ms)
		RebuildTransferFunctionScriptingTraits (0ms)
		AnalyzeDomain (1049ms)
			TypeCache.Refresh (1027ms)
				TypeCache.ScanAssembly (931ms)
			ScanForSourceGeneratedMonoScriptInfo (17ms)
			ResolveRequiredComponents (5ms)
	FinalizeReload (887ms)
		ReleaseScriptCaches (0ms)
		RebuildScriptCaches (0ms)
		SetupLoadedEditorAssemblies (641ms)
			LogAssemblyErrors (0ms)
			InitializePlatformSupportModulesInManaged (33ms)
			SetLoadedEditorAssemblies (4ms)
			RefreshPlugins (0ms)
			BeforeProcessingInitializeOnLoad (97ms)
			ProcessInitializeOnLoadAttributes (462ms)
			ProcessInitializeOnLoadMethodAttributes (36ms)
			AfterProcessingInitializeOnLoad (8ms)
			EditorAssembliesLoaded (0ms)
		ExecutionOrderSort2 (0ms)
		AwakeInstancesAfterBackupRestoration (12ms)
Launched and connected shader compiler UnityShaderCompiler.exe after 0.05 seconds
Refreshing native plugins compatible for Editor in 1.93 ms, found 2 plugins.
Preloading 0 native plugins for Editor in 0.00 ms.
Unloading 2611 Unused Serialized files (Serialized files now loaded: 0)
Unloading 43 unused Assets / (128.8 KB). Loaded Objects now: 3088.
Memory consumption went from 114.9 MB to 114.8 MB.
Total: 5.067900 ms (FindLiveObjects: 0.307300 ms CreateObjectMapping: 0.315900 ms MarkObjects: 4.284000 ms  DeleteObjects: 0.159100 ms)

AssetImportParameters requested are different than current active one (requested -> active):
  custom:video-decoder-webm-vp8: 9c59270c3fd7afecdb556c50c9e8de78 -> 
  custom:container-demuxer-ogg: 62fdf1f143b41e24485cea50d1cbac27 -> 
  custom:AudioImporter_EditorPlatform: d09bf68614088b80899f8185d706f6e7 -> 
  custom:video-codec-MediaFoundation-h265: 746d11721c4dcdbdad8f713fa42b33f4 -> 
  custom:video-decoder-ogg-theora: a1e56fd34408186e4bbccfd4996cb3dc -> 
  custom:framework-win-MediaFoundation: 216162199b28c13a410421893ffa2e32 -> 
  custom:video-encoder-webm-vp8: eb34c28f22e8b96e1ab97ce403110664 -> 
  custom:audio-decoder-ogg-vorbis: bf7c407c2cedff20999df2af8eb42d56 -> 
  custom:container-demuxer-webm: 4f35f7cbe854078d1ac9338744f61a02 -> 
  custom:audio-encoder-webm-vorbis: bf7c407c2cedff20999df2af8eb42d56 -> 
  custom:container-muxer-webm: aa71ff27fc2769a1b78a27578f13a17b -> 
========================================================================
Received Import Request.
  Time since last request: 255.256595 seconds.
  path: Assets/ClerkShadow/Content/Scenes
  artifactKey: Guid(4e8ad0b22fd28ef4d8e6a7e01c3f171c) Importer(815301076,1909f56bfc062723c751e8b465ee728b)
Start importing Assets/ClerkShadow/Content/Scenes using Guid(4e8ad0b22fd28ef4d8e6a7e01c3f171c) Importer(815301076,1909f56bfc062723c751e8b465ee728b)  -> (artifact id: 'c6458c0de2b2973d140b6c6ae5cc7c4a') in 0.002993 seconds
Number of updated asset objects reloaded before import = 0
Number of asset objects unloaded after import = 0
========================================================================
Received Import Request.
  Time since last request: 0.000033 seconds.
  path: Assets/ClerkShadow/Content/Scenes/MenuScene.unity
  artifactKey: Guid(0400a579d394d8e4b9d8b25c2807b242) Importer(815301076,1909f56bfc062723c751e8b465ee728b)
Start importing Assets/ClerkShadow/Content/Scenes/MenuScene.unity using Guid(0400a579d394d8e4b9d8b25c2807b242) Importer(815301076,1909f56bfc062723c751e8b465ee728b)  -> (artifact id: '0d562399dd96bcbda175120f140cb689') in 0.000799 seconds
Number of updated asset objects reloaded before import = 0
Number of asset objects unloaded after import = 0
========================================================================
Received Import Request.
  Time since last request: 47.996180 seconds.
  path: Assets/Localization
  artifactKey: Guid(08c10e6dc265f0f4a949dd0ee23fc3ef) Importer(815301076,1909f56bfc062723c751e8b465ee728b)
Start importing Assets/Localization using Guid(08c10e6dc265f0f4a949dd0ee23fc3ef) Importer(815301076,1909f56bfc062723c751e8b465ee728b)  -> (artifact id: 'c1727bd98c2f7a32fd7fb9e33d587a67') in 0.000528 seconds
Number of updated asset objects reloaded before import = 0
Number of asset objects unloaded after import = 0
========================================================================
Received Import Request.
  Time since last request: 0.064912 seconds.
  path: Assets/Localization/English (en).asset
  artifactKey: Guid(3db882ef88426d148b7e19c2c603b9b6) Importer(815301076,1909f56bfc062723c751e8b465ee728b)
Start importing Assets/Localization/English (en).asset using Guid(3db882ef88426d148b7e19c2c603b9b6) Importer(815301076,1909f56bfc062723c751e8b465ee728b)  -> (artifact id: 'cf0968c8d8a0a7376985a32f62ca7faf') in 0.012320 seconds
Number of updated asset objects reloaded before import = 0
Number of asset objects unloaded after import = 1
========================================================================
Received Import Request.
  Time since last request: 0.000019 seconds.
  path: Assets/Localization/LocalizationSheetServices.asset
  artifactKey: Guid(676bcc05509beb642aa0ebd45d95fa4d) Importer(815301076,1909f56bfc062723c751e8b465ee728b)
Start importing Assets/Localization/LocalizationSheetServices.asset using Guid(676bcc05509beb642aa0ebd45d95fa4d) Importer(815301076,1909f56bfc062723c751e8b465ee728b)  -> (artifact id: '1c75f65680066bcbe85e013353346cf3') in 0.002787 seconds
Number of updated asset objects reloaded before import = 0
Number of asset objects unloaded after import = 1
========================================================================
Received Import Request.
  Time since last request: 0.000039 seconds.
  path: Assets/Localization/Ukrainian (Ukraine) (uk-UA).asset
  artifactKey: Guid(c38e03f110125f2489c20b81130a7bf1) Importer(815301076,1909f56bfc062723c751e8b465ee728b)
Start importing Assets/Localization/Ukrainian (Ukraine) (uk-UA).asset using Guid(c38e03f110125f2489c20b81130a7bf1) Importer(815301076,1909f56bfc062723c751e8b465ee728b)  -> (artifact id: '3087e22e8869b7d0ec04f053d4d99f30') in 0.001513 seconds
Number of updated asset objects reloaded before import = 0
Number of asset objects unloaded after import = 1
========================================================================
Received Import Request.
  Time since last request: 732.462590 seconds.
  path: Assets/Localization/ClientAutorization.json
  artifactKey: Guid(afb8a0db4bf70fe458c44538f0a8b22a) Importer(815301076,1909f56bfc062723c751e8b465ee728b)
Start importing Assets/Localization/ClientAutorization.json using Guid(afb8a0db4bf70fe458c44538f0a8b22a) Importer(815301076,1909f56bfc062723c751e8b465ee728b)  -> (artifact id: '3aea5a053a7763e9e859b948e42bb401') in 0.001449 seconds
Number of updated asset objects reloaded before import = 0
Number of asset objects unloaded after import = 1
========================================================================
Received Import Request.
  Time since last request: 207.390382 seconds.
  path: Assets/Localization/MainScene.asset
  artifactKey: Guid(0ab62d96426737b4bbdbb954e7e2619a) Importer(815301076,1909f56bfc062723c751e8b465ee728b)
Start importing Assets/Localization/MainScene.asset using Guid(0ab62d96426737b4bbdbb954e7e2619a) Importer(815301076,1909f56bfc062723c751e8b465ee728b)  -> (artifact id: 'c31335e0502923df7c37f1d5019514d1') in 0.002859 seconds
Number of updated asset objects reloaded before import = 1
Number of asset objects unloaded after import = 1
========================================================================
Received Import Request.
  Time since last request: 13.619872 seconds.
  path: Assets/Localization/MenuScene.asset
  artifactKey: Guid(c23e11c611423374387c8152027fd87e) Importer(815301076,1909f56bfc062723c751e8b465ee728b)
Start importing Assets/Localization/MenuScene.asset using Guid(c23e11c611423374387c8152027fd87e) Importer(815301076,1909f56bfc062723c751e8b465ee728b)  -> (artifact id: 'c24b9cf75472c49d8d0b8d3fccef1df2') in 0.000951 seconds
Number of updated asset objects reloaded before import = 0
Number of asset objects unloaded after import = 1
========================================================================
Received Import Request.
  Time since last request: 19.527402 seconds.
  path: Assets/Localization/LocalizationTables
  artifactKey: Guid(83669a0d4acf09841b75b6b3d0d066ea) Importer(815301076,1909f56bfc062723c751e8b465ee728b)
Start importing Assets/Localization/LocalizationTables using Guid(83669a0d4acf09841b75b6b3d0d066ea) Importer(815301076,1909f56bfc062723c751e8b465ee728b)  -> (artifact id: '19f458f9d449c6cd879dddeb0c08d1a7') in 0.000517 seconds
Number of updated asset objects reloaded before import = 0
Number of asset objects unloaded after import = 0
========================================================================
Received Import Request.
  Time since last request: 27.094530 seconds.
  path: Assets/Localization/LocalizationTables/Menu.asset
  artifactKey: Guid(7316923c0361ee84494cba66c955c5f1) Importer(815301076,1909f56bfc062723c751e8b465ee728b)
Start importing Assets/Localization/LocalizationTables/Menu.asset using Guid(7316923c0361ee84494cba66c955c5f1) Importer(815301076,1909f56bfc062723c751e8b465ee728b)  -> (artifact id: '3273507e99e61bf47cbbdc2cd3e0509c') in 0.001094 seconds
Number of updated asset objects reloaded before import = 0
Number of asset objects unloaded after import = 1
========================================================================
Received Import Request.
  Time since last request: 14.219928 seconds.
  path: Assets/Localization/MenuTable
  artifactKey: Guid(83669a0d4acf09841b75b6b3d0d066ea) Importer(815301076,1909f56bfc062723c751e8b465ee728b)
Start importing Assets/Localization/MenuTable using Guid(83669a0d4acf09841b75b6b3d0d066ea) Importer(815301076,1909f56bfc062723c751e8b465ee728b)  -> (artifact id: '6198e2805082dadbc23c5ff3ea5cfe2e') in 0.000777 seconds
Number of updated asset objects reloaded before import = 0
Number of asset objects unloaded after import = 0
========================================================================
Received Import Request.
  Time since last request: 10.770345 seconds.
  path: Assets/Localization/MainGameTable
  artifactKey: Guid(b7db9a313690037408703bc72ee05885) Importer(815301076,1909f56bfc062723c751e8b465ee728b)
Start importing Assets/Localization/MainGameTable using Guid(b7db9a313690037408703bc72ee05885) Importer(815301076,1909f56bfc062723c751e8b465ee728b)  -> (artifact id: '942e8ead2ab9f2437da4fa3f7302c303') in 0.000483 seconds
Number of updated asset objects reloaded before import = 0
Number of asset objects unloaded after import = 0
========================================================================
Received Import Request.
  Time since last request: 34.681684 seconds.
  path: Assets/Localization/MainGameTable/Main.asset
  artifactKey: Guid(b38679bda6d35b0488771dc5a33c2832) Importer(815301076,1909f56bfc062723c751e8b465ee728b)
Start importing Assets/Localization/MainGameTable/Main.asset using Guid(b38679bda6d35b0488771dc5a33c2832) Importer(815301076,1909f56bfc062723c751e8b465ee728b)  -> (artifact id: '04e111ec617430e549b1f10f1f54f83b') in 0.001760 seconds
Number of updated asset objects reloaded before import = 0
Number of asset objects unloaded after import = 1
========================================================================
Received Import Request.
  Time since last request: 3.888959 seconds.
  path: Assets/Localization/MainGameTable/Main Shared Data.asset
  artifactKey: Guid(c1da1f17b76a3664d9d316c8f4bd764e) Importer(815301076,1909f56bfc062723c751e8b465ee728b)
Start importing Assets/Localization/MainGameTable/Main Shared Data.asset using Guid(c1da1f17b76a3664d9d316c8f4bd764e) Importer(815301076,1909f56bfc062723c751e8b465ee728b)  -> (artifact id: '2bb052dacb96b8d2a1bd2834545dbcd3') in 0.007699 seconds
Number of updated asset objects reloaded before import = 0
Number of asset objects unloaded after import = 1
========================================================================
Received Import Request.
  Time since last request: 1.555811 seconds.
  path: Assets/Localization/MainGameTable/Main_en.asset
  artifactKey: Guid(980b6a0f2afa8ad4eb2d1dcea4cb0c0b) Importer(815301076,1909f56bfc062723c751e8b465ee728b)
Start importing Assets/Localization/MainGameTable/Main_en.asset using Guid(980b6a0f2afa8ad4eb2d1dcea4cb0c0b) Importer(815301076,1909f56bfc062723c751e8b465ee728b)  -> (artifact id: '1499a305b237667b204e4c4120339f39') in 0.004821 seconds
Number of updated asset objects reloaded before import = 0
Number of asset objects unloaded after import = 2
========================================================================
Received Import Request.
  Time since last request: 2.157808 seconds.
  path: Assets/Localization/MainGameTable/Main_uk-UA.asset
  artifactKey: Guid(78276b978cfbb004d8a56accbffdb3ea) Importer(815301076,1909f56bfc062723c751e8b465ee728b)
Start importing Assets/Localization/MainGameTable/Main_uk-UA.asset using Guid(78276b978cfbb004d8a56accbffdb3ea) Importer(815301076,1909f56bfc062723c751e8b465ee728b)  -> (artifact id: '6be2dce48d14132c4aa14d0ab45fddf5') in 0.001223 seconds
Number of updated asset objects reloaded before import = 0
Number of asset objects unloaded after import = 2
========================================================================
Received Import Request.
  Time since last request: 544.469648 seconds.
  path: Assets/Localization/MenuTable/Menu Shared Data.asset
  artifactKey: Guid(fa8aab175e772224d9515c2f460f19df) Importer(815301076,1909f56bfc062723c751e8b465ee728b)
Start importing Assets/Localization/MenuTable/Menu Shared Data.asset using Guid(fa8aab175e772224d9515c2f460f19df) Importer(815301076,1909f56bfc062723c751e8b465ee728b)  -> (artifact id: 'c90a320d8d45608b0f0940b474de5cca') in 0.001710 seconds
Number of updated asset objects reloaded before import = 0
Number of asset objects unloaded after import = 1
========================================================================
Received Import Request.
  Time since last request: 341.773552 seconds.
  path: Assets/Localization/MessagesTable
  artifactKey: Guid(09a02a70a2efa444a821cd08007305cd) Importer(815301076,1909f56bfc062723c751e8b465ee728b)
Start importing Assets/Localization/MessagesTable using Guid(09a02a70a2efa444a821cd08007305cd) Importer(815301076,1909f56bfc062723c751e8b465ee728b)  -> (artifact id: '22601551ab57f07decbecbdeba90b73b') in 0.001360 seconds
Number of updated asset objects reloaded before import = 0
Number of asset objects unloaded after import = 0
========================================================================
Received Import Request.
  Time since last request: 20.371670 seconds.
  path: Assets/Localization/MessagesTable/Messages.asset
  artifactKey: Guid(ff831de5346a2d84db06204ff19c8cc4) Importer(815301076,1909f56bfc062723c751e8b465ee728b)
Start importing Assets/Localization/MessagesTable/Messages.asset using Guid(ff831de5346a2d84db06204ff19c8cc4) Importer(815301076,1909f56bfc062723c751e8b465ee728b)  -> (artifact id: 'd60f59edc4bd563f33a4c134b63b84e6') in 0.001926 seconds
Number of updated asset objects reloaded before import = 0
Number of asset objects unloaded after import = 1
========================================================================
Received Import Request.
  Time since last request: 40.673429 seconds.
  path: Assets/Localization/MenuTable/Menu.asset
  artifactKey: Guid(7316923c0361ee84494cba66c955c5f1) Importer(815301076,1909f56bfc062723c751e8b465ee728b)
Start importing Assets/Localization/MenuTable/Menu.asset using Guid(7316923c0361ee84494cba66c955c5f1) Importer(815301076,1909f56bfc062723c751e8b465ee728b)  -> (artifact id: '5dbcd7bbc3d818d86f5e7205591a1b80') in 0.004480 seconds
Number of updated asset objects reloaded before import = 1
Number of asset objects unloaded after import = 2
========================================================================
Received Import Request.
  Time since last request: 2.619760 seconds.
  path: Assets/Localization/MainGameTable/Main.asset
  artifactKey: Guid(b38679bda6d35b0488771dc5a33c2832) Importer(815301076,1909f56bfc062723c751e8b465ee728b)
Start importing Assets/Localization/MainGameTable/Main.asset using Guid(b38679bda6d35b0488771dc5a33c2832) Importer(815301076,1909f56bfc062723c751e8b465ee728b)  -> (artifact id: '7c0fd23166f187405ae0862d3afd8912') in 0.001271 seconds
Number of updated asset objects reloaded before import = 0
Number of asset objects unloaded after import = 2
========================================================================
Received Import Request.
  Time since last request: 24.564246 seconds.
  path: Assets/ClerkShadow/Content/Levels_Data/Level 1.asset
  artifactKey: Guid(1964e6fef18f30e42962a7c137fc6f24) Importer(815301076,1909f56bfc062723c751e8b465ee728b)
Start importing Assets/ClerkShadow/Content/Levels_Data/Level 1.asset using Guid(1964e6fef18f30e42962a7c137fc6f24) Importer(815301076,1909f56bfc062723c751e8b465ee728b)  -> (artifact id: '8ba79d955a65d40332ef48ef22eaa6df') in 0.005080 seconds
Number of updated asset objects reloaded before import = 0
Number of asset objects unloaded after import = 2
========================================================================
Received Prepare
Begin MonoManager ReloadAssembly
Symbol file LoadedFromMemory is not a mono symbol file
- Loaded All Assemblies, in  1.630 seconds
Refreshing native plugins compatible for Editor in 2.43 ms, found 2 plugins.
Native extension for WindowsStandalone target not found
Native extension for Android target not found
Mono: successfully reloaded assembly
- Finished resetting the current domain, in  1.545 seconds
Domain Reload Profiling: 3172ms
	BeginReloadAssembly (693ms)
		ExecutionOrderSort (0ms)
		DisableScriptedObjects (12ms)
		BackupInstance (0ms)
		ReleaseScriptingObjects (0ms)
		CreateAndSetChildDomain (102ms)
	RebuildCommonClasses (41ms)
	RebuildNativeTypeToScriptingClass (13ms)
	initialDomainReloadingComplete (50ms)
	LoadAllAssembliesAndSetupDomain (830ms)
		LoadAssemblies (505ms)
		RebuildTransferFunctionScriptingTraits (0ms)
		AnalyzeDomain (408ms)
			TypeCache.Refresh (402ms)
				TypeCache.ScanAssembly (360ms)
			ScanForSourceGeneratedMonoScriptInfo (0ms)
			ResolveRequiredComponents (6ms)
	FinalizeReload (1546ms)
		ReleaseScriptCaches (0ms)
		RebuildScriptCaches (0ms)
		SetupLoadedEditorAssemblies (493ms)
			LogAssemblyErrors (0ms)
			InitializePlatformSupportModulesInManaged (36ms)
			SetLoadedEditorAssemblies (7ms)
			RefreshPlugins (0ms)
			BeforeProcessingInitializeOnLoad (115ms)
			ProcessInitializeOnLoadAttributes (294ms)
			ProcessInitializeOnLoadMethodAttributes (36ms)
			AfterProcessingInitializeOnLoad (6ms)
			EditorAssembliesLoaded (0ms)
		ExecutionOrderSort2 (0ms)
		AwakeInstancesAfterBackupRestoration (11ms)
Refreshing native plugins compatible for Editor in 1.86 ms, found 2 plugins.
Preloading 0 native plugins for Editor in 0.00 ms.
Unloading 2575 Unused Serialized files (Serialized files now loaded: 0)
Unloading 38 unused Assets / (101.0 KB). Loaded Objects now: 3101.
Memory consumption went from 109.7 MB to 109.6 MB.
Total: 4.070800 ms (FindLiveObjects: 0.266500 ms CreateObjectMapping: 0.241600 ms MarkObjects: 3.497200 ms  DeleteObjects: 0.064600 ms)

Prepare: number of updated asset objects reloaded= 0
AssetImportParameters requested are different than current active one (requested -> active):
  custom:video-decoder-webm-vp8: 9c59270c3fd7afecdb556c50c9e8de78 -> 
  custom:container-demuxer-ogg: 62fdf1f143b41e24485cea50d1cbac27 -> 
  custom:AudioImporter_EditorPlatform: d09bf68614088b80899f8185d706f6e7 -> 
  custom:video-codec-MediaFoundation-h265: 746d11721c4dcdbdad8f713fa42b33f4 -> 
  custom:video-decoder-ogg-theora: a1e56fd34408186e4bbccfd4996cb3dc -> 
  custom:framework-win-MediaFoundation: 216162199b28c13a410421893ffa2e32 -> 
  custom:video-encoder-webm-vp8: eb34c28f22e8b96e1ab97ce403110664 -> 
  custom:audio-decoder-ogg-vorbis: bf7c407c2cedff20999df2af8eb42d56 -> 
  custom:container-demuxer-webm: 4f35f7cbe854078d1ac9338744f61a02 -> 
  custom:audio-encoder-webm-vorbis: bf7c407c2cedff20999df2af8eb42d56 -> 
  custom:container-muxer-webm: aa71ff27fc2769a1b78a27578f13a17b -> 
========================================================================
Received Import Request.
  Time since last request: 62.599857 seconds.
  path: Assets/ClerkShadow/Content/Levels_Data/Level 2.asset
  artifactKey: Guid(870b68f8568ce8f4aa0d7fe0563d7e1f) Importer(815301076,1909f56bfc062723c751e8b465ee728b)
Start importing Assets/ClerkShadow/Content/Levels_Data/Level 2.asset using Guid(870b68f8568ce8f4aa0d7fe0563d7e1f) Importer(815301076,1909f56bfc062723c751e8b465ee728b)  -> (artifact id: 'cbdd7046944690a4d6d64082aff9d3e9') in 0.014099 seconds
Number of updated asset objects reloaded before import = 0
Number of asset objects unloaded after import = 2
========================================================================
Received Import Request.
  Time since last request: 4.954904 seconds.
  path: Assets/ClerkShadow/Content/Levels_Data/Level 3.asset
  artifactKey: Guid(f343c3025f53d9a4a9ca155a3bfc80db) Importer(815301076,1909f56bfc062723c751e8b465ee728b)
Start importing Assets/ClerkShadow/Content/Levels_Data/Level 3.asset using Guid(f343c3025f53d9a4a9ca155a3bfc80db) Importer(815301076,1909f56bfc062723c751e8b465ee728b)  -> (artifact id: '6c2534d88dc509ed2b714034099e8ca4') in 0.001504 seconds
Number of updated asset objects reloaded before import = 0
Number of asset objects unloaded after import = 2
========================================================================
Received Import Request.
  Time since last request: 4.014669 seconds.
  path: Assets/ClerkShadow/Content/Levels_Data/Level 4.asset
  artifactKey: Guid(6cafe1a9ce7650d4bad9707a63dde47b) Importer(815301076,1909f56bfc062723c751e8b465ee728b)
Start importing Assets/ClerkShadow/Content/Levels_Data/Level 4.asset using Guid(6cafe1a9ce7650d4bad9707a63dde47b) Importer(815301076,1909f56bfc062723c751e8b465ee728b)  -> (artifact id: 'dd9c8b9cf047aec58c83b760457295ba') in 0.001457 seconds
Number of updated asset objects reloaded before import = 0
Number of asset objects unloaded after import = 2
========================================================================
Received Import Request.
  Time since last request: 4.631392 seconds.
  path: Assets/ClerkShadow/Content/Levels_Data/Level 5.asset
  artifactKey: Guid(5d784013f8825e24aac904e5a4df3ae4) Importer(815301076,1909f56bfc062723c751e8b465ee728b)
Start importing Assets/ClerkShadow/Content/Levels_Data/Level 5.asset using Guid(5d784013f8825e24aac904e5a4df3ae4) Importer(815301076,1909f56bfc062723c751e8b465ee728b)  -> (artifact id: '46cdcdeb9baf0eaf2f7f2068c38da213') in 0.001757 seconds
Number of updated asset objects reloaded before import = 0
Number of asset objects unloaded after import = 2
========================================================================
Received Import Request.
  Time since last request: 0.730546 seconds.
  path: Assets/ClerkShadow/Content/Levels_Data/Level 6.asset
  artifactKey: Guid(cf72813647eb8f34087407b958763dd7) Importer(815301076,1909f56bfc062723c751e8b465ee728b)
Start importing Assets/ClerkShadow/Content/Levels_Data/Level 6.asset using Guid(cf72813647eb8f34087407b958763dd7) Importer(815301076,1909f56bfc062723c751e8b465ee728b)  -> (artifact id: 'beccf458f229d5958ded9e2ec5856291') in 0.002398 seconds
Number of updated asset objects reloaded before import = 0
Number of asset objects unloaded after import = 2
========================================================================
Received Import Request.
  Time since last request: 1.353812 seconds.
  path: Assets/ClerkShadow/Content/Levels_Data/Level 7.asset
  artifactKey: Guid(e760d696d5ceb704d91ee33c2a7f2920) Importer(815301076,1909f56bfc062723c751e8b465ee728b)
Start importing Assets/ClerkShadow/Content/Levels_Data/Level 7.asset using Guid(e760d696d5ceb704d91ee33c2a7f2920) Importer(815301076,1909f56bfc062723c751e8b465ee728b)  -> (artifact id: '0e84273d1747461ce0d435682a33f775') in 0.001029 seconds
Number of updated asset objects reloaded before import = 0
Number of asset objects unloaded after import = 1
========================================================================
Received Import Request.
  Time since last request: 124.298633 seconds.
  path: Assets/Localization/MessagesTable/Messages Shared Data.asset
  artifactKey: Guid(5500edf802ceea44b92be22d5ee2b5b4) Importer(815301076,1909f56bfc062723c751e8b465ee728b)
Start importing Assets/Localization/MessagesTable/Messages Shared Data.asset using Guid(5500edf802ceea44b92be22d5ee2b5b4) Importer(815301076,1909f56bfc062723c751e8b465ee728b)  -> (artifact id: '4f3be319f5e5ac7c3dd623f1e6ea122e') in 0.006145 seconds
Number of updated asset objects reloaded before import = 0
Number of asset objects unloaded after import = 1
========================================================================
Received Import Request.
  Time since last request: 1.020293 seconds.
  path: Assets/Localization/MessagesTable/Messages.asset
  artifactKey: Guid(ff831de5346a2d84db06204ff19c8cc4) Importer(815301076,1909f56bfc062723c751e8b465ee728b)
Start importing Assets/Localization/MessagesTable/Messages.asset using Guid(ff831de5346a2d84db06204ff19c8cc4) Importer(815301076,1909f56bfc062723c751e8b465ee728b)  -> (artifact id: '841425001726fa41c1a6f85e7d897efd') in 0.002759 seconds
Number of updated asset objects reloaded before import = 0
Number of asset objects unloaded after import = 2
========================================================================
Received Import Request.
  Time since last request: 10959.610301 seconds.
  path: Assets/Localization/MessagesTable/Messages Shared Data.asset
  artifactKey: Guid(5500edf802ceea44b92be22d5ee2b5b4) Importer(815301076,1909f56bfc062723c751e8b465ee728b)
Start importing Assets/Localization/MessagesTable/Messages Shared Data.asset using Guid(5500edf802ceea44b92be22d5ee2b5b4) Importer(815301076,1909f56bfc062723c751e8b465ee728b)  -> (artifact id: '5caf55b34901265053b8a72562786162') in 0.002761 seconds
Number of updated asset objects reloaded before import = 0
Number of asset objects unloaded after import = 1
========================================================================
Received Import Request.
  Time since last request: 0.630391 seconds.
  path: Assets/Localization/MessagesTable/Messages_en.asset
  artifactKey: Guid(ca083692ba2e86541816a47187f34fe8) Importer(815301076,1909f56bfc062723c751e8b465ee728b)
Start importing Assets/Localization/MessagesTable/Messages_en.asset using Guid(ca083692ba2e86541816a47187f34fe8) Importer(815301076,1909f56bfc062723c751e8b465ee728b)  -> (artifact id: 'f00431ed5f9d81f67aa95d69611bc1b1') in 0.006219 seconds
Number of updated asset objects reloaded before import = 0
Number of asset objects unloaded after import = 2
========================================================================
Received Prepare
Begin MonoManager ReloadAssembly
Symbol file LoadedFromMemory is not a mono symbol file
- Loaded All Assemblies, in  1.402 seconds
Refreshing native plugins compatible for Editor in 1.95 ms, found 2 plugins.
Native extension for WindowsStandalone target not found
Native extension for Android target not found
Mono: successfully reloaded assembly
- Finished resetting the current domain, in  1.118 seconds
Domain Reload Profiling: 2519ms
	BeginReloadAssembly (636ms)
		ExecutionOrderSort (0ms)
		DisableScriptedObjects (8ms)
		BackupInstance (0ms)
		ReleaseScriptingObjects (0ms)
		CreateAndSetChildDomain (51ms)
	RebuildCommonClasses (45ms)
	RebuildNativeTypeToScriptingClass (20ms)
	initialDomainReloadingComplete (40ms)
	LoadAllAssembliesAndSetupDomain (659ms)
		LoadAssemblies (481ms)
		RebuildTransferFunctionScriptingTraits (0ms)
		AnalyzeDomain (260ms)
			TypeCache.Refresh (252ms)
				TypeCache.ScanAssembly (237ms)
			ScanForSourceGeneratedMonoScriptInfo (3ms)
			ResolveRequiredComponents (4ms)
	FinalizeReload (1119ms)
		ReleaseScriptCaches (0ms)
		RebuildScriptCaches (0ms)
		SetupLoadedEditorAssemblies (421ms)
			LogAssemblyErrors (0ms)
			InitializePlatformSupportModulesInManaged (26ms)
			SetLoadedEditorAssemblies (5ms)
			RefreshPlugins (0ms)
			BeforeProcessingInitializeOnLoad (87ms)
			ProcessInitializeOnLoadAttributes (254ms)
			ProcessInitializeOnLoadMethodAttributes (38ms)
			AfterProcessingInitializeOnLoad (10ms)
			EditorAssembliesLoaded (0ms)
		ExecutionOrderSort2 (0ms)
		AwakeInstancesAfterBackupRestoration (17ms)
Refreshing native plugins compatible for Editor in 1.73 ms, found 2 plugins.
Preloading 0 native plugins for Editor in 0.00 ms.
Unloading 2575 Unused Serialized files (Serialized files now loaded: 0)
Unloading 38 unused Assets / (100.7 KB). Loaded Objects now: 3104.
Memory consumption went from 109.7 MB to 109.6 MB.
Total: 3.413000 ms (FindLiveObjects: 0.243000 ms CreateObjectMapping: 0.227100 ms MarkObjects: 2.873600 ms  DeleteObjects: 0.068500 ms)

Prepare: number of updated asset objects reloaded= 0
AssetImportParameters requested are different than current active one (requested -> active):
  custom:video-decoder-webm-vp8: 9c59270c3fd7afecdb556c50c9e8de78 -> 
  custom:container-demuxer-ogg: 62fdf1f143b41e24485cea50d1cbac27 -> 
  custom:AudioImporter_EditorPlatform: d09bf68614088b80899f8185d706f6e7 -> 
  custom:video-codec-MediaFoundation-h265: 746d11721c4dcdbdad8f713fa42b33f4 -> 
  custom:video-decoder-ogg-theora: a1e56fd34408186e4bbccfd4996cb3dc -> 
  custom:framework-win-MediaFoundation: 216162199b28c13a410421893ffa2e32 -> 
  custom:video-encoder-webm-vp8: eb34c28f22e8b96e1ab97ce403110664 -> 
  custom:audio-decoder-ogg-vorbis: bf7c407c2cedff20999df2af8eb42d56 -> 
  custom:container-demuxer-webm: 4f35f7cbe854078d1ac9338744f61a02 -> 
  custom:audio-encoder-webm-vorbis: bf7c407c2cedff20999df2af8eb42d56 -> 
  custom:container-muxer-webm: aa71ff27fc2769a1b78a27578f13a17b -> 
========================================================================
Received Prepare
Begin MonoManager ReloadAssembly
Symbol file LoadedFromMemory is not a mono symbol file
- Loaded All Assemblies, in  0.974 seconds
Refreshing native plugins compatible for Editor in 2.39 ms, found 2 plugins.
Native extension for WindowsStandalone target not found
Native extension for Android target not found
Mono: successfully reloaded assembly
- Finished resetting the current domain, in  0.855 seconds
Domain Reload Profiling: 1828ms
	BeginReloadAssembly (356ms)
		ExecutionOrderSort (0ms)
		DisableScriptedObjects (7ms)
		BackupInstance (0ms)
		ReleaseScriptingObjects (0ms)
		CreateAndSetChildDomain (38ms)
	RebuildCommonClasses (49ms)
	RebuildNativeTypeToScriptingClass (20ms)
	initialDomainReloadingComplete (33ms)
	LoadAllAssembliesAndSetupDomain (516ms)
		LoadAssemblies (293ms)
		RebuildTransferFunctionScriptingTraits (0ms)
		AnalyzeDomain (319ms)
			TypeCache.Refresh (311ms)
				TypeCache.ScanAssembly (293ms)
			ScanForSourceGeneratedMonoScriptInfo (3ms)
			ResolveRequiredComponents (4ms)
	FinalizeReload (855ms)
		ReleaseScriptCaches (0ms)
		RebuildScriptCaches (0ms)
		SetupLoadedEditorAssemblies (427ms)
			LogAssemblyErrors (0ms)
			InitializePlatformSupportModulesInManaged (26ms)
			SetLoadedEditorAssemblies (4ms)
			RefreshPlugins (0ms)
			BeforeProcessingInitializeOnLoad (83ms)
			ProcessInitializeOnLoadAttributes (272ms)
			ProcessInitializeOnLoadMethodAttributes (34ms)
			AfterProcessingInitializeOnLoad (8ms)
			EditorAssembliesLoaded (0ms)
		ExecutionOrderSort2 (0ms)
		AwakeInstancesAfterBackupRestoration (10ms)
Refreshing native plugins compatible for Editor in 1.64 ms, found 2 plugins.
Preloading 0 native plugins for Editor in 0.00 ms.
Unloading 2575 Unused Serialized files (Serialized files now loaded: 0)
Unloading 38 unused Assets / (100.7 KB). Loaded Objects now: 3107.
Memory consumption went from 109.7 MB to 109.6 MB.
Total: 3.994400 ms (FindLiveObjects: 0.237200 ms CreateObjectMapping: 0.276100 ms MarkObjects: 3.395200 ms  DeleteObjects: 0.084800 ms)

Prepare: number of updated asset objects reloaded= 0
AssetImportParameters requested are different than current active one (requested -> active):
  custom:video-decoder-webm-vp8: 9c59270c3fd7afecdb556c50c9e8de78 -> 
  custom:container-demuxer-ogg: 62fdf1f143b41e24485cea50d1cbac27 -> 
  custom:AudioImporter_EditorPlatform: d09bf68614088b80899f8185d706f6e7 -> 
  custom:video-codec-MediaFoundation-h265: 746d11721c4dcdbdad8f713fa42b33f4 -> 
  custom:video-decoder-ogg-theora: a1e56fd34408186e4bbccfd4996cb3dc -> 
  custom:framework-win-MediaFoundation: 216162199b28c13a410421893ffa2e32 -> 
  custom:video-encoder-webm-vp8: eb34c28f22e8b96e1ab97ce403110664 -> 
  custom:audio-decoder-ogg-vorbis: bf7c407c2cedff20999df2af8eb42d56 -> 
  custom:container-demuxer-webm: 4f35f7cbe854078d1ac9338744f61a02 -> 
  custom:audio-encoder-webm-vorbis: bf7c407c2cedff20999df2af8eb42d56 -> 
  custom:container-muxer-webm: aa71ff27fc2769a1b78a27578f13a17b -> 
========================================================================
Received Prepare
Begin MonoManager ReloadAssembly
Symbol file LoadedFromMemory is not a mono symbol file
- Loaded All Assemblies, in  0.911 seconds
Refreshing native plugins compatible for Editor in 2.49 ms, found 2 plugins.
Native extension for WindowsStandalone target not found
Native extension for Android target not found
Mono: successfully reloaded assembly
- Finished resetting the current domain, in  0.916 seconds
Domain Reload Profiling: 1826ms
	BeginReloadAssembly (306ms)
		ExecutionOrderSort (0ms)
		DisableScriptedObjects (7ms)
		BackupInstance (0ms)
		ReleaseScriptingObjects (0ms)
		CreateAndSetChildDomain (40ms)
	RebuildCommonClasses (41ms)
	RebuildNativeTypeToScriptingClass (15ms)
	initialDomainReloadingComplete (33ms)
	LoadAllAssembliesAndSetupDomain (514ms)
		LoadAssemblies (282ms)
		RebuildTransferFunctionScriptingTraits (0ms)
		AnalyzeDomain (299ms)
			TypeCache.Refresh (291ms)
				TypeCache.ScanAssembly (271ms)
			ScanForSourceGeneratedMonoScriptInfo (4ms)
			ResolveRequiredComponents (5ms)
	FinalizeReload (917ms)
		ReleaseScriptCaches (0ms)
		RebuildScriptCaches (0ms)
		SetupLoadedEditorAssemblies (438ms)
			LogAssemblyErrors (0ms)
			InitializePlatformSupportModulesInManaged (34ms)
			SetLoadedEditorAssemblies (7ms)
			RefreshPlugins (0ms)
			BeforeProcessingInitializeOnLoad (87ms)
			ProcessInitializeOnLoadAttributes (270ms)
			ProcessInitializeOnLoadMethodAttributes (34ms)
			AfterProcessingInitializeOnLoad (6ms)
			EditorAssembliesLoaded (0ms)
		ExecutionOrderSort2 (0ms)
		AwakeInstancesAfterBackupRestoration (11ms)
Refreshing native plugins compatible for Editor in 1.63 ms, found 2 plugins.
Preloading 0 native plugins for Editor in 0.00 ms.
Unloading 2575 Unused Serialized files (Serialized files now loaded: 0)
Unloading 38 unused Assets / (100.8 KB). Loaded Objects now: 3110.
Memory consumption went from 109.7 MB to 109.6 MB.
Total: 3.616700 ms (FindLiveObjects: 0.337300 ms CreateObjectMapping: 0.390300 ms MarkObjects: 2.821900 ms  DeleteObjects: 0.066000 ms)

Prepare: number of updated asset objects reloaded= 0
AssetImportParameters requested are different than current active one (requested -> active):
  custom:video-decoder-webm-vp8: 9c59270c3fd7afecdb556c50c9e8de78 -> 
  custom:container-demuxer-ogg: 62fdf1f143b41e24485cea50d1cbac27 -> 
  custom:AudioImporter_EditorPlatform: d09bf68614088b80899f8185d706f6e7 -> 
  custom:video-codec-MediaFoundation-h265: 746d11721c4dcdbdad8f713fa42b33f4 -> 
  custom:video-decoder-ogg-theora: a1e56fd34408186e4bbccfd4996cb3dc -> 
  custom:framework-win-MediaFoundation: 216162199b28c13a410421893ffa2e32 -> 
  custom:video-encoder-webm-vp8: eb34c28f22e8b96e1ab97ce403110664 -> 
  custom:audio-decoder-ogg-vorbis: bf7c407c2cedff20999df2af8eb42d56 -> 
  custom:container-demuxer-webm: 4f35f7cbe854078d1ac9338744f61a02 -> 
  custom:audio-encoder-webm-vorbis: bf7c407c2cedff20999df2af8eb42d56 -> 
  custom:container-muxer-webm: aa71ff27fc2769a1b78a27578f13a17b -> 
========================================================================
Received Prepare
Begin MonoManager ReloadAssembly
Symbol file LoadedFromMemory is not a mono symbol file
- Loaded All Assemblies, in  1.006 seconds
Refreshing native plugins compatible for Editor in 2.14 ms, found 2 plugins.
Native extension for WindowsStandalone target not found
Native extension for Android target not found
Mono: successfully reloaded assembly
- Finished resetting the current domain, in  1.051 seconds
Domain Reload Profiling: 2056ms
	BeginReloadAssembly (371ms)
		ExecutionOrderSort (0ms)
		DisableScriptedObjects (11ms)
		BackupInstance (0ms)
		ReleaseScriptingObjects (0ms)
		CreateAndSetChildDomain (41ms)
	RebuildCommonClasses (49ms)
	RebuildNativeTypeToScriptingClass (14ms)
	initialDomainReloadingComplete (38ms)
	LoadAllAssembliesAndSetupDomain (531ms)
		LoadAssemblies (291ms)
		RebuildTransferFunctionScriptingTraits (0ms)
		AnalyzeDomain (325ms)
			TypeCache.Refresh (315ms)
				TypeCache.ScanAssembly (291ms)
			ScanForSourceGeneratedMonoScriptInfo (4ms)
			ResolveRequiredComponents (7ms)
	FinalizeReload (1052ms)
		ReleaseScriptCaches (0ms)
		RebuildScriptCaches (0ms)
		SetupLoadedEditorAssemblies (483ms)
			LogAssemblyErrors (0ms)
			InitializePlatformSupportModulesInManaged (42ms)
			SetLoadedEditorAssemblies (10ms)
			RefreshPlugins (0ms)
			BeforeProcessingInitializeOnLoad (112ms)
			ProcessInitializeOnLoadAttributes (280ms)
			ProcessInitializeOnLoadMethodAttributes (33ms)
			AfterProcessingInitializeOnLoad (6ms)
			EditorAssembliesLoaded (0ms)
		ExecutionOrderSort2 (0ms)
		AwakeInstancesAfterBackupRestoration (11ms)
Refreshing native plugins compatible for Editor in 1.66 ms, found 2 plugins.
Preloading 0 native plugins for Editor in 0.00 ms.
Unloading 2575 Unused Serialized files (Serialized files now loaded: 0)
Unloading 38 unused Assets / (100.8 KB). Loaded Objects now: 3113.
Memory consumption went from 109.7 MB to 109.6 MB.
Total: 3.044600 ms (FindLiveObjects: 0.246800 ms CreateObjectMapping: 0.223800 ms MarkObjects: 2.515900 ms  DeleteObjects: 0.057200 ms)

Prepare: number of updated asset objects reloaded= 0
AssetImportParameters requested are different than current active one (requested -> active):
  custom:video-decoder-webm-vp8: 9c59270c3fd7afecdb556c50c9e8de78 -> 
  custom:container-demuxer-ogg: 62fdf1f143b41e24485cea50d1cbac27 -> 
  custom:AudioImporter_EditorPlatform: d09bf68614088b80899f8185d706f6e7 -> 
  custom:video-codec-MediaFoundation-h265: 746d11721c4dcdbdad8f713fa42b33f4 -> 
  custom:video-decoder-ogg-theora: a1e56fd34408186e4bbccfd4996cb3dc -> 
  custom:framework-win-MediaFoundation: 216162199b28c13a410421893ffa2e32 -> 
  custom:video-encoder-webm-vp8: eb34c28f22e8b96e1ab97ce403110664 -> 
  custom:audio-decoder-ogg-vorbis: bf7c407c2cedff20999df2af8eb42d56 -> 
  custom:container-demuxer-webm: 4f35f7cbe854078d1ac9338744f61a02 -> 
  custom:audio-encoder-webm-vorbis: bf7c407c2cedff20999df2af8eb42d56 -> 
  custom:container-muxer-webm: aa71ff27fc2769a1b78a27578f13a17b -> 
========================================================================
Received Prepare
Begin MonoManager ReloadAssembly
Symbol file LoadedFromMemory is not a mono symbol file
- Loaded All Assemblies, in  0.989 seconds
Refreshing native plugins compatible for Editor in 2.48 ms, found 2 plugins.
Native extension for WindowsStandalone target not found
Native extension for Android target not found
Mono: successfully reloaded assembly
- Finished resetting the current domain, in  0.866 seconds
Domain Reload Profiling: 1855ms
	BeginReloadAssembly (347ms)
		ExecutionOrderSort (0ms)
		DisableScriptedObjects (7ms)
		BackupInstance (0ms)
		ReleaseScriptingObjects (0ms)
		CreateAndSetChildDomain (50ms)
	RebuildCommonClasses (39ms)
	RebuildNativeTypeToScriptingClass (18ms)
	initialDomainReloadingComplete (40ms)
	LoadAllAssembliesAndSetupDomain (544ms)
		LoadAssemblies (307ms)
		RebuildTransferFunctionScriptingTraits (0ms)
		AnalyzeDomain (318ms)
			TypeCache.Refresh (308ms)
				TypeCache.ScanAssembly (291ms)
			ScanForSourceGeneratedMonoScriptInfo (4ms)
			ResolveRequiredComponents (5ms)
	FinalizeReload (867ms)
		ReleaseScriptCaches (0ms)
		RebuildScriptCaches (0ms)
		SetupLoadedEditorAssemblies (413ms)
			LogAssemblyErrors (0ms)
			InitializePlatformSupportModulesInManaged (25ms)
			SetLoadedEditorAssemblies (4ms)
			RefreshPlugins (0ms)
			BeforeProcessingInitializeOnLoad (73ms)
			ProcessInitializeOnLoadAttributes (270ms)
			ProcessInitializeOnLoadMethodAttributes (35ms)
			AfterProcessingInitializeOnLoad (6ms)
			EditorAssembliesLoaded (0ms)
		ExecutionOrderSort2 (0ms)
		AwakeInstancesAfterBackupRestoration (10ms)
Refreshing native plugins compatible for Editor in 1.65 ms, found 2 plugins.
Preloading 0 native plugins for Editor in 0.00 ms.
Unloading 2575 Unused Serialized files (Serialized files now loaded: 0)
Unloading 38 unused Assets / (100.8 KB). Loaded Objects now: 3116.
Memory consumption went from 109.7 MB to 109.6 MB.
Total: 3.235300 ms (FindLiveObjects: 0.228700 ms CreateObjectMapping: 0.193000 ms MarkObjects: 2.750400 ms  DeleteObjects: 0.062000 ms)

Prepare: number of updated asset objects reloaded= 0
AssetImportParameters requested are different than current active one (requested -> active):
  custom:video-decoder-webm-vp8: 9c59270c3fd7afecdb556c50c9e8de78 -> 
  custom:container-demuxer-ogg: 62fdf1f143b41e24485cea50d1cbac27 -> 
  custom:AudioImporter_EditorPlatform: d09bf68614088b80899f8185d706f6e7 -> 
  custom:video-codec-MediaFoundation-h265: 746d11721c4dcdbdad8f713fa42b33f4 -> 
  custom:video-decoder-ogg-theora: a1e56fd34408186e4bbccfd4996cb3dc -> 
  custom:framework-win-MediaFoundation: 216162199b28c13a410421893ffa2e32 -> 
  custom:video-encoder-webm-vp8: eb34c28f22e8b96e1ab97ce403110664 -> 
  custom:audio-decoder-ogg-vorbis: bf7c407c2cedff20999df2af8eb42d56 -> 
  custom:container-demuxer-webm: 4f35f7cbe854078d1ac9338744f61a02 -> 
  custom:audio-encoder-webm-vorbis: bf7c407c2cedff20999df2af8eb42d56 -> 
  custom:container-muxer-webm: aa71ff27fc2769a1b78a27578f13a17b -> 
